This is pdfeTeX, Version 3.141592-1.21a-2.2 (Web2C 7.5.4)
entering extended mode
(./mcfm.tex
LaTeX2e <2003/12/01>
Babel <v3.8d> and hyphenation patterns for american, french, german, ngerman, b
ahasa, basque, bulgarian, catalan, croatian, czech, danish, dutch, esperanto, e
stonian, finnish, greek, icelandic, irish, italian, latin, magyar, norsk, polis
h, portuges, romanian, russian, serbian, slovak, slovene, spanish, swedish, tur
kish, ukrainian, nohyphenation, loaded.
(/usr/share/texmf/tex/latex/base/article.cls
Document Class: article 2004/02/16 v1.4f Standard LaTeX document class
(/usr/share/texmf/tex/latex/base/size12.clo))
(/usr/share/texmf/tex/latex/hyperref/hyperref.sty
(/usr/share/texmf/tex/latex/graphics/keyval.sty)
(/usr/share/texmf/tex/latex/hyperref/pd1enc.def)
(/usr/share/texmf/tex/latex/hyperref/hyperref.cfg)
Implicit mode ON; LaTeX internals redefined
(/usr/share/texmf/tex/latex/url/url.sty))
*hyperref using default driver hdvips*
(/usr/share/texmf/tex/latex/hyperref/hdvips.def
(/usr/share/texmf/tex/latex/hyperref/pdfmark.def)) (./mcfm.aux

LaTeX Warning: Label `changelog6.5' multiply defined.

) (/usr/share/texmf/tex/latex/hyperref/nameref.sty) (./mcfm.out) (./mcfm.out)
[1] (./mcfm.toc [2] [3]
Overfull \hbox (23.53104pt too wide) in paragraph at lines 78--78
 [][] [] []  
) [4] (/usr/share/texmf/tex/latex/base/omscmr.fd) [5]
Overfull \hbox (56.70538pt too wide) in paragraph at lines 102--123
 [] 
[6]
Overfull \hbox (53.41382pt too wide) in paragraph at lines 201--246
 [] 

Overfull \hbox (15.89194pt too wide) in paragraph at lines 254--289
 [] 
[7]

LaTeX Warning: `h' float specifier changed to `ht'.

[8]
Overfull \hbox (60.77522pt too wide) in paragraph at lines 324--324
[]\OT1/cmtt/m/n/12 ./mcfm: error while loading shared libraries: libLHAPDF.so.0
: cannot open[] 
[9]
Overfull \hbox (15.99513pt too wide) in paragraph at lines 341--344
[]\OT1/cmr/m/n/12 One may al-ways re-turn to the built-in dis-tri-bu-tions by r
e-set-ting \OT1/cmtt/m/n/12 PDFROUTINES
[10] [11] [12] [13]
Overfull \hbox (84.17683pt too wide) in paragraph at lines 523--538
 [] 
[14] [15] [16]
Overfull \hbox (4.98042pt too wide) in paragraph at lines 677--681
[]\OT1/cmtt/m/n/12 ptlepton(2nd+)[]min, |etalepton(2nd+)|[]max\OT1/cmr/m/n/12 .
 These spec-ify the val-
[17] [18]
Overfull \hbox (11.96594pt too wide) in paragraph at lines 769--773
\OT1/cmr/m/n/12 that all photon-lepton pairs are sep-a-rated by $^^A\OML/cmm/m/
it/12 R >$ \OT1/cmtt/m/n/12 R(photon,lept)[]min\OT1/cmr/m/n/12 .
[19] [20] [21] [22] [23]
Overfull \hbox (12.72577pt too wide) in paragraph at lines 1009--1011
[]\OT1/cmtt/m/n/12 writetop\OT1/cmr/m/n/12 : write out the his-tograms as a \OT
1/cmtt/m/n/12 TOPDRAWER \OT1/cmr/m/n/12 file, \OT1/cmtt/m/n/12 outputname.top\O
T1/cmr/m/n/12 . 
[24]
Overfull \hbox (5.12712pt too wide) in paragraph at lines 1014--1019
[]\OT1/cmtt/m/n/12 writegnu\OT1/cmr/m/n/12 : write out the his-tograms as a \OT
1/cmtt/m/n/12 gnuplot \OT1/cmr/m/n/12 file[], \OT1/cmtt/m/n/12 outputname.gnu\O
T1/cmr/m/n/12 .

Overfull \hbox (25.43188pt too wide) in paragraph at lines 1014--1019
\OT1/cmr/m/n/12 This can be pro-cessed by run-ning the com-mand `\OT1/cmtt/m/n/
12 gnuplot outputname.gnu\OT1/cmr/m/n/12 ',

Overfull \hbox (37.81134pt too wide) in paragraph at lines 1041--1051
\OT1/cmr/m/n/12 kine-matic quan-ti-ties. In that case a fur-ther rou-tine is ca
lled, e.g. \OT1/cmtt/m/n/12 nplotter[]W[]only.f
[25] [26] [27] [28]
Overfull \hbox (43.46689pt too wide) in paragraph at lines 1218--1221
[]\OT1/cmtt/m/n/12 subroutine userwriteinfo(unitno,comment[]string,xsec,xsec[]e
rr,itno)
[29]

Package hyperref Warning: Token not allowed in a PDFDocEncoded string,
(hyperref)                removing `math shift' on input line 1254.


Package hyperref Warning: Token not allowed in a PDFDocEncoded string,
(hyperref)                removing `math shift' on input line 1254.


Package hyperref Warning: Token not allowed in a PDFDocEncoded string,
(hyperref)                removing `math shift' on input line 1262.


Package hyperref Warning: Token not allowed in a PDFDocEncoded string,
(hyperref)                removing `math shift' on input line 1262.

[30]

Package hyperref Warning: Token not allowed in a PDFDocEncoded string,
(hyperref)                removing `math shift' on input line 1271.


Package hyperref Warning: Token not allowed in a PDFDocEncoded string,
(hyperref)                removing `math shift' on input line 1271.


Package hyperref Warning: Token not allowed in a PDFDocEncoded string,
(hyperref)                removing `math shift' on input line 1290.


Package hyperref Warning: Token not allowed in a PDFDocEncoded string,
(hyperref)                removing `math shift' on input line 1290.


Package hyperref Warning: Token not allowed in a PDFDocEncoded string,
(hyperref)                removing `math shift' on input line 1303.


Package hyperref Warning: Token not allowed in a PDFDocEncoded string,
(hyperref)                removing `math shift' on input line 1303.


Package hyperref Warning: Token not allowed in a PDFDocEncoded string,
(hyperref)                removing `math shift' on input line 1303.


Package hyperref Warning: Token not allowed in a PDFDocEncoded string,
(hyperref)                removing `subscript' on input line 1303.


Package hyperref Warning: Token not allowed in a PDFDocEncoded string,
(hyperref)                removing `math shift' on input line 1303.


Package hyperref Warning: Token not allowed in a PDFDocEncoded string,
(hyperref)                removing `math shift' on input line 1310.


Package hyperref Warning: Token not allowed in a PDFDocEncoded string,
(hyperref)                removing `\mathaccent' on input line 1310.


Package hyperref Warning: Token not allowed in a PDFDocEncoded string,
(hyperref)                removing `math shift' on input line 1310.

[31]

Package hyperref Warning: Token not allowed in a PDFDocEncoded string,
(hyperref)                removing `math shift' on input line 1326.


Package hyperref Warning: Token not allowed in a PDFDocEncoded string,
(hyperref)                removing `\mathaccent' on input line 1326.


Package hyperref Warning: Token not allowed in a PDFDocEncoded string,
(hyperref)                removing `math shift' on input line 1326.


Package hyperref Warning: Token not allowed in a PDFDocEncoded string,
(hyperref)                removing `math shift' on input line 1326.


Package hyperref Warning: Token not allowed in a PDFDocEncoded string,
(hyperref)                removing `subscript' on input line 1326.


Package hyperref Warning: Token not allowed in a PDFDocEncoded string,
(hyperref)                removing `math shift' on input line 1326.


Package hyperref Warning: Token not allowed in a PDFDocEncoded string,
(hyperref)                removing `math shift' on input line 1339.


Package hyperref Warning: Token not allowed in a PDFDocEncoded string,
(hyperref)                removing `math shift' on input line 1339.

[32]

Package hyperref Warning: Token not allowed in a PDFDocEncoded string,
(hyperref)                removing `math shift' on input line 1375.


Package hyperref Warning: Token not allowed in a PDFDocEncoded string,
(hyperref)                removing `math shift' on input line 1375.


Package hyperref Warning: Token not allowed in a PDFDocEncoded string,
(hyperref)                removing `math shift' on input line 1384.


Package hyperref Warning: Token not allowed in a PDFDocEncoded string,
(hyperref)                removing `\mathaccent' on input line 1384.


Package hyperref Warning: Token not allowed in a PDFDocEncoded string,
(hyperref)                removing `math shift' on input line 1384.


Package hyperref Warning: Token not allowed in a PDFDocEncoded string,
(hyperref)                removing `math shift' on input line 1384.


Package hyperref Warning: Token not allowed in a PDFDocEncoded string,
(hyperref)                removing `subscript' on input line 1384.


Package hyperref Warning: Token not allowed in a PDFDocEncoded string,
(hyperref)                removing `math shift' on input line 1384.


Package hyperref Warning: Token not allowed in a PDFDocEncoded string,
(hyperref)                removing `math shift' on input line 1394.


Package hyperref Warning: Token not allowed in a PDFDocEncoded string,
(hyperref)                removing `math shift' on input line 1394.


Package hyperref Warning: Token not allowed in a PDFDocEncoded string,
(hyperref)                removing `math shift' on input line 1407.


Package hyperref Warning: Token not allowed in a PDFDocEncoded string,
(hyperref)                removing `math shift' on input line 1407.


Package hyperref Warning: Token not allowed in a PDFDocEncoded string,
(hyperref)                removing `math shift' on input line 1410.


Package hyperref Warning: Token not allowed in a PDFDocEncoded string,
(hyperref)                removing `\mathaccent' on input line 1410.


Package hyperref Warning: Token not allowed in a PDFDocEncoded string,
(hyperref)                removing `math shift' on input line 1410.


Package hyperref Warning: Token not allowed in a PDFDocEncoded string,
(hyperref)                removing `math shift' on input line 1410.


Package hyperref Warning: Token not allowed in a PDFDocEncoded string,
(hyperref)                removing `\gamma' on input line 1410.


Package hyperref Warning: Token not allowed in a PDFDocEncoded string,
(hyperref)                removing `superscript' on input line 1410.


Package hyperref Warning: Token not allowed in a PDFDocEncoded string,
(hyperref)                removing `math shift' on input line 1410.

[33]

Package hyperref Warning: Token not allowed in a PDFDocEncoded string,
(hyperref)                removing `math shift' on input line 1421.


Package hyperref Warning: Token not allowed in a PDFDocEncoded string,
(hyperref)                removing `math shift' on input line 1421.


Package hyperref Warning: Token not allowed in a PDFDocEncoded string,
(hyperref)                removing `math shift' on input line 1434.


Package hyperref Warning: Token not allowed in a PDFDocEncoded string,
(hyperref)                removing `math shift' on input line 1434.


Package hyperref Warning: Token not allowed in a PDFDocEncoded string,
(hyperref)                removing `math shift' on input line 1455.


Package hyperref Warning: Token not allowed in a PDFDocEncoded string,
(hyperref)                removing `math shift' on input line 1455.

[34]

Package hyperref Warning: Token not allowed in a PDFDocEncoded string,
(hyperref)                removing `math shift' on input line 1465.


Package hyperref Warning: Token not allowed in a PDFDocEncoded string,
(hyperref)                removing `\mathaccent' on input line 1465.


Package hyperref Warning: Token not allowed in a PDFDocEncoded string,
(hyperref)                removing `math shift' on input line 1465.


Package hyperref Warning: Token not allowed in a PDFDocEncoded string,
(hyperref)                removing `math shift' on input line 1476.


Package hyperref Warning: Token not allowed in a PDFDocEncoded string,
(hyperref)                removing `\mathaccent' on input line 1476.


Package hyperref Warning: Token not allowed in a PDFDocEncoded string,
(hyperref)                removing `math shift' on input line 1476.


Package hyperref Warning: Token not allowed in a PDFDocEncoded string,
(hyperref)                removing `math shift' on input line 1476.


Package hyperref Warning: Token not allowed in a PDFDocEncoded string,
(hyperref)                removing `subscript' on input line 1476.


Package hyperref Warning: Token not allowed in a PDFDocEncoded string,
(hyperref)                removing `math shift' on input line 1476.


Package hyperref Warning: Token not allowed in a PDFDocEncoded string,
(hyperref)                removing `math shift' on input line 1489.


Package hyperref Warning: Token not allowed in a PDFDocEncoded string,
(hyperref)                removing `\mathaccent' on input line 1489.


Package hyperref Warning: Token not allowed in a PDFDocEncoded string,
(hyperref)                removing `math shift' on input line 1489.


Package hyperref Warning: Token not allowed in a PDFDocEncoded string,
(hyperref)                removing `math shift' on input line 1489.


Package hyperref Warning: Token not allowed in a PDFDocEncoded string,
(hyperref)                removing `subscript' on input line 1489.


Package hyperref Warning: Token not allowed in a PDFDocEncoded string,
(hyperref)                removing `math shift' on input line 1489.


Package hyperref Warning: Token not allowed in a PDFDocEncoded string,
(hyperref)                removing `math shift' on input line 1500.


Package hyperref Warning: Token not allowed in a PDFDocEncoded string,
(hyperref)                removing `\mathaccent' on input line 1500.


Package hyperref Warning: Token not allowed in a PDFDocEncoded string,
(hyperref)                removing `math shift' on input line 1500.


Package hyperref Warning: Token not allowed in a PDFDocEncoded string,
(hyperref)                removing `math shift' on input line 1500.


Package hyperref Warning: Token not allowed in a PDFDocEncoded string,
(hyperref)                removing `subscript' on input line 1500.


Package hyperref Warning: Token not allowed in a PDFDocEncoded string,
(hyperref)                removing `math shift' on input line 1500.

[35]

Package hyperref Warning: Token not allowed in a PDFDocEncoded string,
(hyperref)                removing `math shift' on input line 1537.


Package hyperref Warning: Token not allowed in a PDFDocEncoded string,
(hyperref)                removing `math shift' on input line 1537.

[36]

Package hyperref Warning: Token not allowed in a PDFDocEncoded string,
(hyperref)                removing `math shift' on input line 1567.


Package hyperref Warning: Token not allowed in a PDFDocEncoded string,
(hyperref)                removing `math shift' on input line 1567.


Package hyperref Warning: Token not allowed in a PDFDocEncoded string,
(hyperref)                removing `math shift' on input line 1573.


Package hyperref Warning: Token not allowed in a PDFDocEncoded string,
(hyperref)                removing `math shift' on input line 1573.


Package hyperref Warning: Token not allowed in a PDFDocEncoded string,
(hyperref)                removing `math shift' on input line 1588.


Package hyperref Warning: Token not allowed in a PDFDocEncoded string,
(hyperref)                removing `math shift' on input line 1588.

[37]

Package hyperref Warning: Token not allowed in a PDFDocEncoded string,
(hyperref)                removing `math shift' on input line 1610.


Package hyperref Warning: Token not allowed in a PDFDocEncoded string,
(hyperref)                removing `math shift' on input line 1610.

[38]

Package hyperref Warning: Token not allowed in a PDFDocEncoded string,
(hyperref)                removing `math shift' on input line 1683.


Package hyperref Warning: Token not allowed in a PDFDocEncoded string,
(hyperref)                removing `math shift' on input line 1683.


Overfull \hbox (17.22913pt too wide) in paragraph at lines 1686--1698
\OT1/cmr/m/n/12 de-cays into a bot-tom quark pair (\OT1/cmtt/m/n/12 nproc=91, 9
6\OT1/cmr/m/n/12 ), a pair of $\OML/cmm/m/it/12 W$ \OT1/cmr/m/n/12 bosons (\OT1
/cmtt/m/n/12 nproc=92,

Package hyperref Warning: Token not allowed in a PDFDocEncoded string,
(hyperref)                removing `math shift' on input line 1701.


Package hyperref Warning: Token not allowed in a PDFDocEncoded string,
(hyperref)                removing `math shift' on input line 1701.

[39]
Overfull \hbox (2.11298pt too wide) in paragraph at lines 1723--1732
\OT1/cmr/m/n/12 pair of pho-tons (\OT1/cmtt/m/n/12 nproc=119\OT1/cmr/m/n/12 ) a
nd the $\OML/cmm/m/it/12 Z^^M$ \OT1/cmr/m/n/12 de-cay are in-cluded (\OT1/cmtt/
m/n/12 nproc=120,121\OT1/cmr/m/n/12 ). 
[40]

Package hyperref Warning: Token not allowed in a PDFDocEncoded string,
(hyperref)                removing `math shift' on input line 1784.


Package hyperref Warning: Token not allowed in a PDFDocEncoded string,
(hyperref)                removing `\to' on input line 1784.


Package hyperref Warning: Token not allowed in a PDFDocEncoded string,
(hyperref)                removing `superscript' on input line 1784.


Package hyperref Warning: Token not allowed in a PDFDocEncoded string,
(hyperref)                removing `superscript' on input line 1784.


Package hyperref Warning: Token not allowed in a PDFDocEncoded string,
(hyperref)                removing `math shift' on input line 1784.

[41]

Package hyperref Warning: Token not allowed in a PDFDocEncoded string,
(hyperref)                removing `math shift' on input line 1805.


Package hyperref Warning: Token not allowed in a PDFDocEncoded string,
(hyperref)                removing `math shift' on input line 1805.


Package hyperref Warning: Token not allowed in a PDFDocEncoded string,
(hyperref)                removing `math shift' on input line 1834.


Package hyperref Warning: Token not allowed in a PDFDocEncoded string,
(hyperref)                removing `\mathaccent' on input line 1834.


Package hyperref Warning: Token not allowed in a PDFDocEncoded string,
(hyperref)                removing `math shift' on input line 1834.

[42]

Package hyperref Warning: Token not allowed in a PDFDocEncoded string,
(hyperref)                removing `math shift' on input line 1883.


Package hyperref Warning: Token not allowed in a PDFDocEncoded string,
(hyperref)                removing `\mathaccent' on input line 1883.


Package hyperref Warning: Token not allowed in a PDFDocEncoded string,
(hyperref)                removing `math shift' on input line 1883.


Package hyperref Warning: Token not allowed in a PDFDocEncoded string,
(hyperref)                removing `math shift' on input line 1889.


Package hyperref Warning: Token not allowed in a PDFDocEncoded string,
(hyperref)                removing `\mathaccent' on input line 1889.


Package hyperref Warning: Token not allowed in a PDFDocEncoded string,
(hyperref)                removing `math shift' on input line 1889.

[43]

Package hyperref Warning: Token not allowed in a PDFDocEncoded string,
(hyperref)                removing `math shift' on input line 1927.


Package hyperref Warning: Token not allowed in a PDFDocEncoded string,
(hyperref)                removing `\overline' on input line 1927.


Package hyperref Warning: Token not allowed in a PDFDocEncoded string,
(hyperref)                removing `math shift' on input line 1927.


Package hyperref Warning: Token not allowed in a PDFDocEncoded string,
(hyperref)                removing `math shift' on input line 1933.


Package hyperref Warning: Token not allowed in a PDFDocEncoded string,
(hyperref)                removing `\mathaccent' on input line 1933.


Package hyperref Warning: Token not allowed in a PDFDocEncoded string,
(hyperref)                removing `math shift' on input line 1933.

[44]
Overfull \hbox (7.4047pt too wide) in paragraph at lines 1947--1955
[]\OT1/cmr/m/n/12 Single top pro-duc-tion is di-vided as usual into $\OML/cmm/m
/it/12 s$\OT1/cmr/m/n/12 -channel (pro-cesses \OT1/cmtt/m/n/12 171-177\OT1/cmr/
m/n/12 )
[45]

Package hyperref Warning: Token not allowed in a PDFDocEncoded string,
(hyperref)                removing `math shift' on input line 2002.


Package hyperref Warning: Token not allowed in a PDFDocEncoded string,
(hyperref)                removing `math shift' on input line 2002.

[46]

Package hyperref Warning: Token not allowed in a PDFDocEncoded string,
(hyperref)                removing `math shift' on input line 2048.


Package hyperref Warning: Token not allowed in a PDFDocEncoded string,
(hyperref)                removing `math shift' on input line 2048.

[47]

Package hyperref Warning: Token not allowed in a PDFDocEncoded string,
(hyperref)                removing `math shift' on input line 2110.


Package hyperref Warning: Token not allowed in a PDFDocEncoded string,
(hyperref)                removing `\tau' on input line 2110.


Package hyperref Warning: Token not allowed in a PDFDocEncoded string,
(hyperref)                removing `superscript' on input line 2110.


Package hyperref Warning: Token not allowed in a PDFDocEncoded string,
(hyperref)                removing `\tau' on input line 2110.


Package hyperref Warning: Token not allowed in a PDFDocEncoded string,
(hyperref)                removing `superscript' on input line 2110.


Package hyperref Warning: Token not allowed in a PDFDocEncoded string,
(hyperref)                removing `math shift' on input line 2110.


Package hyperref Warning: Token not allowed in a PDFDocEncoded string,
(hyperref)                removing `math shift' on input line 2120.


Package hyperref Warning: Token not allowed in a PDFDocEncoded string,
(hyperref)                removing `math shift' on input line 2120.


Package hyperref Warning: Token not allowed in a PDFDocEncoded string,
(hyperref)                removing `math shift' on input line 2120.


Package hyperref Warning: Token not allowed in a PDFDocEncoded string,
(hyperref)                removing `math shift' on input line 2120.

[48]

Package hyperref Warning: Token not allowed in a PDFDocEncoded string,
(hyperref)                removing `math shift' on input line 2156.


Package hyperref Warning: Token not allowed in a PDFDocEncoded string,
(hyperref)                removing `superscript' on input line 2156.


Package hyperref Warning: Token not allowed in a PDFDocEncoded string,
(hyperref)                removing `superscript' on input line 2156.


Package hyperref Warning: Token not allowed in a PDFDocEncoded string,
(hyperref)                removing `math shift' on input line 2156.


Package hyperref Warning: Token not allowed in a PDFDocEncoded string,
(hyperref)                removing `math shift' on input line 2166.


Package hyperref Warning: Token not allowed in a PDFDocEncoded string,
(hyperref)                removing `math shift' on input line 2166.

[49]

Package hyperref Warning: Token not allowed in a PDFDocEncoded string,
(hyperref)                removing `math shift' on input line 2204.


Package hyperref Warning: Token not allowed in a PDFDocEncoded string,
(hyperref)                removing `math shift' on input line 2204.


Package hyperref Warning: Token not allowed in a PDFDocEncoded string,
(hyperref)                removing `math shift' on input line 2217.


Package hyperref Warning: Token not allowed in a PDFDocEncoded string,
(hyperref)                removing `math shift' on input line 2217.


Package hyperref Warning: Token not allowed in a PDFDocEncoded string,
(hyperref)                removing `math shift' on input line 2231.


Package hyperref Warning: Token not allowed in a PDFDocEncoded string,
(hyperref)                removing `\gamma' on input line 2231.


Package hyperref Warning: Token not allowed in a PDFDocEncoded string,
(hyperref)                removing `math shift' on input line 2231.

[50]

Package hyperref Warning: Token not allowed in a PDFDocEncoded string,
(hyperref)                removing `math shift' on input line 2243.


Package hyperref Warning: Token not allowed in a PDFDocEncoded string,
(hyperref)                removing `\gamma' on input line 2243.


Package hyperref Warning: Token not allowed in a PDFDocEncoded string,
(hyperref)                removing `math shift' on input line 2243.


Package hyperref Warning: Token not allowed in a PDFDocEncoded string,
(hyperref)                removing `math shift' on input line 2256.


Package hyperref Warning: Token not allowed in a PDFDocEncoded string,
(hyperref)                removing `\gamma' on input line 2256.


Package hyperref Warning: Token not allowed in a PDFDocEncoded string,
(hyperref)                removing `\gamma' on input line 2256.


Package hyperref Warning: Token not allowed in a PDFDocEncoded string,
(hyperref)                removing `math shift' on input line 2256.

[51]

Package hyperref Warning: Token not allowed in a PDFDocEncoded string,
(hyperref)                removing `math shift' on input line 2280.


Package hyperref Warning: Token not allowed in a PDFDocEncoded string,
(hyperref)                removing `\gamma' on input line 2280.


Package hyperref Warning: Token not allowed in a PDFDocEncoded string,
(hyperref)                removing `math shift' on input line 2280.


Package hyperref Warning: Token not allowed in a PDFDocEncoded string,
(hyperref)                removing `math shift' on input line 2300.


Package hyperref Warning: Token not allowed in a PDFDocEncoded string,
(hyperref)                removing `\gamma' on input line 2300.


Package hyperref Warning: Token not allowed in a PDFDocEncoded string,
(hyperref)                removing `math shift' on input line 2300.

[52]

Package hyperref Warning: Token not allowed in a PDFDocEncoded string,
(hyperref)                removing `math shift' on input line 2334.


Package hyperref Warning: Token not allowed in a PDFDocEncoded string,
(hyperref)                removing `\gamma' on input line 2334.


Package hyperref Warning: Token not allowed in a PDFDocEncoded string,
(hyperref)                removing `math shift' on input line 2334.


Package hyperref Warning: Token not allowed in a PDFDocEncoded string,
(hyperref)                removing `math shift' on input line 2361.


Package hyperref Warning: Token not allowed in a PDFDocEncoded string,
(hyperref)                removing `\gamma' on input line 2361.


Package hyperref Warning: Token not allowed in a PDFDocEncoded string,
(hyperref)                removing `math shift' on input line 2361.


Package hyperref Warning: Token not allowed in a PDFDocEncoded string,
(hyperref)                removing `math shift' on input line 2361.


Package hyperref Warning: Token not allowed in a PDFDocEncoded string,
(hyperref)                removing `\gamma' on input line 2361.


Package hyperref Warning: Token not allowed in a PDFDocEncoded string,
(hyperref)                removing `\gamma' on input line 2361.


Package hyperref Warning: Token not allowed in a PDFDocEncoded string,
(hyperref)                removing `math shift' on input line 2361.

[53]

Package hyperref Warning: Token not allowed in a PDFDocEncoded string,
(hyperref)                removing `math shift' on input line 2403.


Package hyperref Warning: Token not allowed in a PDFDocEncoded string,
(hyperref)                removing `\gamma' on input line 2403.


Package hyperref Warning: Token not allowed in a PDFDocEncoded string,
(hyperref)                removing `\gamma' on input line 2403.


Package hyperref Warning: Token not allowed in a PDFDocEncoded string,
(hyperref)                removing `math shift' on input line 2403.


Overfull \hbox (8.39394pt too wide) in paragraph at lines 2405--2416
\OT1/cmtt/m/n/12 zerowidth \OT1/cmr/m/n/12 and \OT1/cmtt/m/n/12 removebr \OT1/c
mr/m/n/12 are set to \OT1/cmtt/m/n/12 .false. \OT1/cmr/m/n/12 the de-cay $\OML/
cmm/m/it/12 Z \OMS/cmsy/m/n/12 ! \OML/cmm/m/it/12 e[]e[]$ \OT1/cmr/m/n/12 (\OT1
/cmtt/m/n/12 nproc=301\OT1/cmr/m/n/12 )

Overfull \hbox (54.68423pt too wide) in paragraph at lines 2405--2416
\OT1/cmr/m/n/12 will in-clude pho-ton ra-di-a-tion from both lep-tons, so that 
a non-zero \OT1/cmtt/m/n/12 R(photon,lept)[]min

Package hyperref Warning: Token not allowed in a PDFDocEncoded string,
(hyperref)                removing `math shift' on input line 2417.


Package hyperref Warning: Token not allowed in a PDFDocEncoded string,
(hyperref)                removing `\gamma' on input line 2417.


Package hyperref Warning: Token not allowed in a PDFDocEncoded string,
(hyperref)                removing `math shift' on input line 2417.


Overfull \hbox (5.54468pt too wide) in paragraph at lines 2419--2434
\OT1/cmr/m/n/12 quently de-cays into ei-ther an $\OML/cmm/m/it/12 e[]e[]$ \OT1/
cmr/m/n/12 pair (\OT1/cmtt/m/n/12 nproc=302\OT1/cmr/m/n/12 ) or neu-tri-nos (\O
T1/cmtt/m/n/12 nproc=307\OT1/cmr/m/n/12 ).
[54]

Package hyperref Warning: Token not allowed in a PDFDocEncoded string,
(hyperref)                removing `math shift' on input line 2436.


Package hyperref Warning: Token not allowed in a PDFDocEncoded string,
(hyperref)                removing `\gamma' on input line 2436.


Package hyperref Warning: Token not allowed in a PDFDocEncoded string,
(hyperref)                removing `\gamma' on input line 2436.


Package hyperref Warning: Token not allowed in a PDFDocEncoded string,
(hyperref)                removing `math shift' on input line 2436.


Package hyperref Warning: Token not allowed in a PDFDocEncoded string,
(hyperref)                removing `math shift' on input line 2436.


Package hyperref Warning: Token not allowed in a PDFDocEncoded string,
(hyperref)                removing `\gamma' on input line 2436.


Package hyperref Warning: Token not allowed in a PDFDocEncoded string,
(hyperref)                removing `math shift' on input line 2436.


Package hyperref Warning: Token not allowed in a PDFDocEncoded string,
(hyperref)                removing `math shift' on input line 2456.


Package hyperref Warning: Token not allowed in a PDFDocEncoded string,
(hyperref)                removing `math shift' on input line 2456.


Package hyperref Warning: Token not allowed in a PDFDocEncoded string,
(hyperref)                removing `math shift' on input line 2471.


Package hyperref Warning: Token not allowed in a PDFDocEncoded string,
(hyperref)                removing `math shift' on input line 2471.

[55]

Package hyperref Warning: Token not allowed in a PDFDocEncoded string,
(hyperref)                removing `math shift' on input line 2485.


Package hyperref Warning: Token not allowed in a PDFDocEncoded string,
(hyperref)                removing `math shift' on input line 2485.


Package hyperref Warning: Token not allowed in a PDFDocEncoded string,
(hyperref)                removing `math shift' on input line 2521.


Package hyperref Warning: Token not allowed in a PDFDocEncoded string,
(hyperref)                removing `\overline' on input line 2521.


Package hyperref Warning: Token not allowed in a PDFDocEncoded string,
(hyperref)                removing `\to' on input line 2521.


Package hyperref Warning: Token not allowed in a PDFDocEncoded string,
(hyperref)                removing `superscript' on input line 2521.


Package hyperref Warning: Token not allowed in a PDFDocEncoded string,
(hyperref)                removing `math shift' on input line 2521.

[56]

Package hyperref Warning: Token not allowed in a PDFDocEncoded string,
(hyperref)                removing `math shift' on input line 2532.


Package hyperref Warning: Token not allowed in a PDFDocEncoded string,
(hyperref)                removing `math shift' on input line 2532.


Package hyperref Warning: Token not allowed in a PDFDocEncoded string,
(hyperref)                removing `math shift' on input line 2570.


Package hyperref Warning: Token not allowed in a PDFDocEncoded string,
(hyperref)                removing `math shift' on input line 2570.

[57]

Package hyperref Warning: Token not allowed in a PDFDocEncoded string,
(hyperref)                removing `math shift' on input line 2581.


Package hyperref Warning: Token not allowed in a PDFDocEncoded string,
(hyperref)                removing `math shift' on input line 2581.


Package hyperref Warning: Token not allowed in a PDFDocEncoded string,
(hyperref)                removing `math shift' on input line 2590.


Package hyperref Warning: Token not allowed in a PDFDocEncoded string,
(hyperref)                removing `\mathaccent' on input line 2590.


Package hyperref Warning: Token not allowed in a PDFDocEncoded string,
(hyperref)                removing `math shift' on input line 2590.


Package hyperref Warning: Token not allowed in a PDFDocEncoded string,
(hyperref)                removing `math shift' on input line 2601.


Package hyperref Warning: Token not allowed in a PDFDocEncoded string,
(hyperref)                removing `\mathaccent' on input line 2601.


Package hyperref Warning: Token not allowed in a PDFDocEncoded string,
(hyperref)                removing `math shift' on input line 2601.

[58]

Package hyperref Warning: Token not allowed in a PDFDocEncoded string,
(hyperref)                removing `math shift' on input line 2635.


Package hyperref Warning: Token not allowed in a PDFDocEncoded string,
(hyperref)                removing `\mathaccent' on input line 2635.


Package hyperref Warning: Token not allowed in a PDFDocEncoded string,
(hyperref)                removing `math shift' on input line 2635.


Overfull \hbox (26.48895pt too wide) in paragraph at lines 2653--2658
\OT1/cmr/m/n/12 tered by chang-ing the value of the vari-able \OT1/cmtt/m/n/12 
notag \OT1/cmr/m/n/12 in the file \OT1/cmtt/m/n/12 src/User/setnotag.f\OT1/cmr/
m/n/12 . 

Package hyperref Warning: Token not allowed in a PDFDocEncoded string,
(hyperref)                removing `math shift' on input line 2661.


Package hyperref Warning: Token not allowed in a PDFDocEncoded string,
(hyperref)                removing `math shift' on input line 2661.


Package hyperref Warning: Token not allowed in a PDFDocEncoded string,
(hyperref)                removing `math shift' on input line 2661.


Package hyperref Warning: Token not allowed in a PDFDocEncoded string,
(hyperref)                removing `\mathaccent' on input line 2661.


Package hyperref Warning: Token not allowed in a PDFDocEncoded string,
(hyperref)                removing `math shift' on input line 2661.

[59]

Package hyperref Warning: Token not allowed in a PDFDocEncoded string,
(hyperref)                removing `math shift' on input line 2677.


Package hyperref Warning: Token not allowed in a PDFDocEncoded string,
(hyperref)                removing `math shift' on input line 2677.


Package hyperref Warning: Token not allowed in a PDFDocEncoded string,
(hyperref)                removing `math shift' on input line 2677.


Package hyperref Warning: Token not allowed in a PDFDocEncoded string,
(hyperref)                removing `\mathaccent' on input line 2677.


Package hyperref Warning: Token not allowed in a PDFDocEncoded string,
(hyperref)                removing `math shift' on input line 2677.


Overfull \hbox (26.48895pt too wide) in paragraph at lines 2690--2695
\OT1/cmr/m/n/12 tered by chang-ing the value of the vari-able \OT1/cmtt/m/n/12 
notag \OT1/cmr/m/n/12 in the file \OT1/cmtt/m/n/12 src/User/setnotag.f\OT1/cmr/
m/n/12 . 

Package hyperref Warning: Token not allowed in a PDFDocEncoded string,
(hyperref)                removing `math shift' on input line 2696.


Package hyperref Warning: Token not allowed in a PDFDocEncoded string,
(hyperref)                removing `\mathaccent' on input line 2696.


Package hyperref Warning: Token not allowed in a PDFDocEncoded string,
(hyperref)                removing `math shift' on input line 2696.

[60]
Overfull \hbox (12.9131pt too wide) in paragraph at lines 2719--2723
\OT1/cmr/m/n/12 de-cay-ing to two pho-tons. Pro-cesses \OT1/cmtt/m/n/12 661--66
7 \OT1/cmr/m/n/12 cor-re-spond to pro-cesses \OT1/cmtt/m/n/12 641--647

Overfull \hbox (11.64471pt too wide) in paragraph at lines 2724--2724
[]\OT1/cmr/bx/n/14.4 Dark Mat-ter Pro-cesses Mono-jet and Mono-photon
[61] [62] [63] [64] [65] [66]
Overfull \hbox (8.20009pt too wide) in paragraph at lines 2957--2960
[]\OT1/cmr/m/n/12 F. Caola, J. M. Camp-bell, F. Febres Cordero, L. Reina and D.
 Wackeroth, 

Overfull \hbox (5.76698pt too wide) in paragraph at lines 2978--2983
\OT1/cmr/m/it/12 ``Next-to-leading or-der pre-dic-tions for Dark Mat-ter Pro-du
c-tion at Hadron
[67] [68]

LaTeX Warning: Float too large for page by 33.59935pt on input line 3062.

[69] [70]
Overfull \hbox (43.82158pt too wide) in paragraph at lines 3066--3113
 [] 

Overfull \hbox (101.83427pt too wide) in paragraph at lines 3118--3162
 [] 

Overfull \hbox (62.32176pt too wide) in paragraph at lines 3201--3251
 [] 

LaTeX Warning: Float too large for page by 62.79933pt on input line 3252.


Overfull \hbox (58.54123pt too wide) in paragraph at lines 3256--3306
 [] 

LaTeX Warning: Float too large for page by 34.59935pt on input line 3307.


Overfull \hbox (172.03258pt too wide) in paragraph at lines 3311--3356
 [] 

Overfull \hbox (163.81091pt too wide) in paragraph at lines 3360--3430
 [] 

LaTeX Warning: Float too large for page by 319.99904pt on input line 3432.

[71] [72] [73] [74] [75] [76] [77] [78] [79] [80]
Overfull \hbox (7.28384pt too wide) in paragraph at lines 3562--3565
[]\OT1/cmr/m/n/12 Upgraded treat-ment of $\OML/cmm/m/it/12 t[]$ \OT1/cmr/m/n/12
 one-loop ma-trix el-e-ments for pro-cesses \OT1/cmtt/m/n/12 141-150
[81]
Overfull \hbox (1.0537pt too wide) in paragraph at lines 3609--3612
[]\OT1/cmr/m/n/12 Reorganization of $\OML/cmm/m/it/12 Wb$ \OT1/cmr/m/n/12 cal-c
u-la-tions in 4FNS (\OT1/cmtt/m/n/12 401\OT1/cmr/m/n/12 -\OT1/cmtt/m/n/12 408\O
T1/cmr/m/n/12 ), 5FNS (\OT1/cmtt/m/n/12 411,
[82]
Overfull \hbox (26.59845pt too wide) in paragraph at lines 3649--3651
\OT1/cmr/m/n/12 vir-tual rou-tines (v6.0 re-sults for these pro-cesses may be c
ompiler-dependent). 
[83]
Underfull \hbox (badness 1163) in paragraph at lines 3676--3681
[]\OT1/cmr/m/n/12 F. Mal-toni and T. Stelzer, JHEP \OT1/cmr/bx/n/12 0302\OT1/cm
r/m/n/12 , 027 (2003) [arXiv:hep-
[84] [85]
Underfull \hbox (badness 2310) in paragraph at lines 3895--3900
[]\OT1/cmr/m/n/12 F. Caola, J. M. Camp-bell, F. Febres Cordero, L. Reina and
[86] (./mcfm.aux)

LaTeX Warning: There were multiply-defined labels.

 )
(see the transcript file for additional information)
Output written on mcfm.dvi (86 pages, 426820 bytes).
Transcript written on mcfm.log.
