\BOOKMARK [1][-]{section.1}{Overview}{}
\BOOKMARK [1][-]{section.2}{Installation}{}
\BOOKMARK [1][-]{section.3}{Input parameters}{}
\BOOKMARK [2][-]{subsection.3.1}{Parton distributions}{section.3}
\BOOKMARK [1][-]{section.4}{Runtime options}{}
\BOOKMARK [1][-]{section.5}{Nuclear collisions}{}
\BOOKMARK [1][-]{section.6}{Output}{}
\BOOKMARK [2][-]{subsection.6.1}{Histograms}{section.6}
\BOOKMARK [2][-]{subsection.6.2}{Other output modes}{section.6}
\BOOKMARK [3][-]{subsubsection.6.2.1}{Simple n-tuple output}{subsection.6.2}
\BOOKMARK [3][-]{subsubsection.6.2.2}{n-tuples using FROOT}{subsection.6.2}
\BOOKMARK [3][-]{subsubsection.6.2.3}{Unweighted events}{subsection.6.2}
\BOOKMARK [1][-]{section.7}{Other user options}{}
\BOOKMARK [1][-]{section.8}{Notes on specific processes}{}
\BOOKMARK [2][-]{subsection.8.1}{W-boson production, processes 1,6}{section.8}
\BOOKMARK [2][-]{subsection.8.2}{W+ jet production, processes 11,16}{section.8}
\BOOKMARK [2][-]{subsection.8.3}{W+b production, processes 12,17}{section.8}
\BOOKMARK [2][-]{subsection.8.4}{W+c production, processes 13,18}{section.8}
\BOOKMARK [2][-]{subsection.8.5}{W+c production \(mc=0\), processes 14,19}{section.8}
\BOOKMARK [2][-]{subsection.8.6}{W+b"7016b production, processes 20,25}{section.8}
\BOOKMARK [2][-]{subsection.8.7}{W+b"7016b production \(mb=0\), processes 21,26}{section.8}
\BOOKMARK [2][-]{subsection.8.8}{W+2 jets production, processes 22,27}{section.8}
\BOOKMARK [2][-]{subsection.8.9}{W+3 jets production, processes 23,28}{section.8}
\BOOKMARK [2][-]{subsection.8.10}{W+b"7016b+ jet production \(mb=0\), processes 24,29}{section.8}
\BOOKMARK [2][-]{subsection.8.11}{Z-boson production, processes 31--33}{section.8}
\BOOKMARK [2][-]{subsection.8.12}{Z-boson production decaying to jets, processes 34--35}{section.8}
\BOOKMARK [2][-]{subsection.8.13}{t "7016t production mediated by Z/*-boson exchange, process 36}{section.8}
\BOOKMARK [2][-]{subsection.8.14}{Z+ jet production, processes 41--43}{section.8}
\BOOKMARK [2][-]{subsection.8.15}{Z+2 jets production, processes 44, 46}{section.8}
\BOOKMARK [2][-]{subsection.8.16}{Z+3 jets production, processes 45, 47}{section.8}
\BOOKMARK [2][-]{subsection.8.17}{Z+b"7016b production, process 50}{section.8}
\BOOKMARK [2][-]{subsection.8.18}{Z+b"7016b production \(mb=0\), processes 51--53}{section.8}
\BOOKMARK [2][-]{subsection.8.19}{Z+b"7016b+ jet production \(mb=0\), process 54}{section.8}
\BOOKMARK [2][-]{subsection.8.20}{Z+c"7016c production \(mc=0\), process 56}{section.8}
\BOOKMARK [2][-]{subsection.8.21}{Di-boson production, processes 61--89}{section.8}
\BOOKMARK [3][-]{subsubsection.8.21.1}{WW production, processes 61-64, 69}{subsection.8.21}
\BOOKMARK [3][-]{subsubsection.8.21.2}{WW+jet production, process 66}{subsection.8.21}
\BOOKMARK [3][-]{subsubsection.8.21.3}{WZ production, processes 71--80}{subsection.8.21}
\BOOKMARK [3][-]{subsubsection.8.21.4}{ZZ production, processes 81--84, 86--90}{subsection.8.21}
\BOOKMARK [3][-]{subsubsection.8.21.5}{ZZ+jet production, process 85}{subsection.8.21}
\BOOKMARK [3][-]{subsubsection.8.21.6}{Anomalous couplings}{subsection.8.21}
\BOOKMARK [2][-]{subsection.8.22}{WH production, processes 91-94, 96-99}{section.8}
\BOOKMARK [2][-]{subsection.8.23}{ZH production, processes 101--109}{section.8}
\BOOKMARK [2][-]{subsection.8.24}{Higgs production, processes 111--121}{section.8}
\BOOKMARK [2][-]{subsection.8.25}{H W+W- production, processes 126,127}{section.8}
\BOOKMARK [2][-]{subsection.8.26}{H+b production, processes 131--133}{section.8}
\BOOKMARK [2][-]{subsection.8.27}{t"7016t production with 2 semi-leptonic decays, processes 141--145}{section.8}
\BOOKMARK [2][-]{subsection.8.28}{t"7016t production with decay and a gluon, process 143}{section.8}
\BOOKMARK [2][-]{subsection.8.29}{t"7016t production with one hadronic decay, processes 146--151}{section.8}
\BOOKMARK [2][-]{subsection.8.30}{QQ production, processes 157--159}{section.8}
\BOOKMARK [2][-]{subsection.8.31}{t"7016t+ jet production, process 160}{section.8}
\BOOKMARK [2][-]{subsection.8.32}{Single top production, processes 161--177}{section.8}
\BOOKMARK [2][-]{subsection.8.33}{Wt production, processes 180--187}{section.8}
\BOOKMARK [2][-]{subsection.8.34}{H+ jet production, processes 201--210}{section.8}
\BOOKMARK [2][-]{subsection.8.35}{Higgs production via WBF, processes 211--217}{section.8}
\BOOKMARK [2][-]{subsection.8.36}{+- production, process 221}{section.8}
\BOOKMARK [2][-]{subsection.8.37}{t-channel single top with an explicit b-quark, processes 231--240}{section.8}
\BOOKMARK [2][-]{subsection.8.38}{W+W++jets production, processes 251,252}{section.8}
\BOOKMARK [2][-]{subsection.8.39}{Z+Q production, processes 261--267}{section.8}
\BOOKMARK [2][-]{subsection.8.40}{H + 2 jet production, processes 270--274}{section.8}
\BOOKMARK [2][-]{subsection.8.41}{H + 3 jet production, processes 275-278}{section.8}
\BOOKMARK [2][-]{subsection.8.42}{Direct \040production, processes 280--282}{section.8}
\BOOKMARK [2][-]{subsection.8.43}{Direct \040+ heavy flavour production, processes 283--284}{section.8}
\BOOKMARK [2][-]{subsection.8.44}{ production, processes 285-286}{section.8}
\BOOKMARK [2][-]{subsection.8.45}{W production, processes 290-297}{section.8}
\BOOKMARK [3][-]{subsubsection.8.45.1}{Anomalous WW couplings}{subsection.8.45}
\BOOKMARK [2][-]{subsection.8.46}{Z, production, processes 300, 305}{section.8}
\BOOKMARK [3][-]{subsubsection.8.46.1}{Anomalous ZZ and Z couplings}{subsection.8.46}
\BOOKMARK [2][-]{subsection.8.47}{Z production processes, 301, 306}{section.8}
\BOOKMARK [2][-]{subsection.8.48}{Zj, production, processes 302, 307}{section.8}
\BOOKMARK [2][-]{subsection.8.49}{Zj and Zj j , 303, 304, 308 and 309}{section.8}
\BOOKMARK [2][-]{subsection.8.50}{W+Q+ jet production processes 311--326}{section.8}
\BOOKMARK [2][-]{subsection.8.51}{W+c+ jet production, processes 331, 336}{section.8}
\BOOKMARK [2][-]{subsection.8.52}{Z+Q+jet production, processes 341--357}{section.8}
\BOOKMARK [2][-]{subsection.8.53}{c s W+, processes 361--363}{section.8}
\BOOKMARK [2][-]{subsection.8.54}{W+Q production in the 4FNS, processes 401--408}{section.8}
\BOOKMARK [2][-]{subsection.8.55}{W+Q production in the 5FNS, processes 411, 416}{section.8}
\BOOKMARK [2][-]{subsection.8.56}{W+Q production in the combined 4FNS/5FNS, processes 421, 426}{section.8}
\BOOKMARK [2][-]{subsection.8.57}{W+b"7016b+ jet production, processes 431,436}{section.8}
\BOOKMARK [2][-]{subsection.8.58}{W+t"7016t processes 500--516}{section.8}
\BOOKMARK [2][-]{subsection.8.59}{Zt"7016t production, processes 529-533}{section.8}
\BOOKMARK [2][-]{subsection.8.60}{Ht and H"7016t production, processes 540--557}{section.8}
\BOOKMARK [2][-]{subsection.8.61}{Zt and Z"7016t production, processes 560--569}{section.8}
\BOOKMARK [2][-]{subsection.8.62}{Ht"7016t production, processes 640--660}{section.8}
\BOOKMARK [2][-]{subsection.8.63}{Dark Matter Processes Mono-jet and Mono-photon 800-848}{section.8}
\BOOKMARK [1][-]{section.A}{MCFM references}{}
\BOOKMARK [1][-]{section.B}{Processes included in MCFM}{}
\BOOKMARK [1][-]{section.C}{Version 6.6 changelog}{}
\BOOKMARK [1][-]{section.D}{Version 6.5 changelog}{}
\BOOKMARK [1][-]{section.E}{Version 6.4 changelog}{}
\BOOKMARK [2][-]{subsection.E.1}{Code changes}{section.E}
\BOOKMARK [1][-]{section.F}{Version 6.3 changelog}{}
\BOOKMARK [2][-]{subsection.F.1}{Code changes}{section.F}
\BOOKMARK [1][-]{section.G}{Version 6.2 changelog}{}
\BOOKMARK [2][-]{subsection.G.1}{Input file changes}{section.G}
\BOOKMARK [2][-]{subsection.G.2}{Code changes}{section.G}
\BOOKMARK [1][-]{section.H}{Version 6.1 changelog}{}
\BOOKMARK [2][-]{subsection.H.1}{Input file changes}{section.H}
\BOOKMARK [2][-]{subsection.H.2}{Code changes}{section.H}
